0	13:58:51.334	Compiling 'MACD Sample'
0	13:58:51.334	Compiling 'Moving Average'
0	13:58:53.363	Compiling 'Stochastic'
0	13:58:53.363	Compiling 'Bands'
0	13:58:53.363	Compiling 'Awesome'
0	13:58:53.363	Compiling 'ATR'
0	13:58:53.363	Compiling 'Parabolic'
0	13:58:53.363	Compiling 'Alligator'
0	13:58:53.363	Compiling 'OsMA'
0	13:58:53.363	Compiling 'CCI'
0	13:58:53.363	Compiling 'ZigZag'
0	13:58:53.364	Compiling 'Momentum'
0	13:58:53.364	Compiling 'MACD'
0	13:58:53.364	Compiling 'Custom Moving Averages'
0	13:58:53.364	Compiling 'Ichimoku'
0	13:58:53.364	Compiling 'iExposure'
0	13:58:53.364	Compiling 'Bears'
0	13:58:53.364	Compiling 'Heiken Ashi'
0	13:58:53.364	Compiling 'RSI'
0	13:58:53.364	Compiling 'Accelerator'
0	13:58:53.364	Compiling 'Bulls'
0	13:58:53.364	Compiling 'Accumulation'
0	13:58:53.364	Compiling 'SimplePanel'
0	13:58:58.477	Compiling 'PeriodConverter'
0	13:58:58.478	Compiling 'DLLSampleTester'
0	13:58:58.478	Compiling 'PipeClient'
0	13:58:58.478	Compiling 'PipeClientPure'
0	13:59:01.876	Compiling 'stdlib'
